<?xml version="1.0" encoding="UTF-8"?>
<!-- Generated by org.testng.reporters.JUnitReportReporter -->
<testsuite skipped="0" hostname="OJAS-DD57" name="com.PigeonHole.RegressionScripts.PigeonHole_QA_Test" tests="20" failures="0" timestamp="2020-01-06T11:45:23 IST" time="91.845" errors="0">
  <testcase name="clickAsiaLeadershipConference" time="6.176" classname="com.PigeonHole.RegressionScripts.PigeonHole_QA_Test"/>
  <testcase name="QuestionAndAnswer" time="11.359" classname="com.PigeonHole.RegressionScripts.PigeonHole_QA_Test"/>
  <testcase name="AdminPanel" time="10.428" classname="com.PigeonHole.RegressionScripts.PigeonHole_QA_Test"/>
  <testcase name="ProjectorPanel" time="10.357" classname="com.PigeonHole.RegressionScripts.PigeonHole_QA_Test"/>
  <testcase name="checkQuestionsFiltering" time="3.672" classname="com.PigeonHole.RegressionScripts.PigeonHole_QA_Test"/>
  <testcase name="QuestionFiltering" time="15.598" classname="com.PigeonHole.RegressionScripts.PigeonHole_QA_Test"/>
  <testcase name="shouldNotSeeTheQuestionInProjectorPanel" time="2.123" classname="com.PigeonHole.RegressionScripts.PigeonHole_QA_Test"/>
  <testcase name="questionPendingApproval_GreenText" time="6.556" classname="com.PigeonHole.RegressionScripts.PigeonHole_QA_Test"/>
  <testcase name="shouldSeeTheQuestionInAWA" time="2.073" classname="com.PigeonHole.RegressionScripts.PigeonHole_QA_Test"/>
  <testcase name="inProjectorPanelShouldSeeTheQuestionYouHaveJustApproved" time="2.116" classname="com.PigeonHole.RegressionScripts.PigeonHole_QA_Test"/>
  <testcase name="clickActive" time="2.127" classname="com.PigeonHole.RegressionScripts.PigeonHole_QA_Test"/>
  <testcase name="shouldSeeTheQuestionInProjectorPanel" time="2.138" classname="com.PigeonHole.RegressionScripts.PigeonHole_QA_Test"/>
  <testcase name="clickAnswered" time="2.137" classname="com.PigeonHole.RegressionScripts.PigeonHole_QA_Test"/>
  <testcase name="seeAnswered" time="2.112" classname="com.PigeonHole.RegressionScripts.PigeonHole_QA_Test"/>
  <testcase name="shouldNotSeeThisQuestionAnymore" time="2.119" classname="com.PigeonHole.RegressionScripts.PigeonHole_QA_Test"/>
  <testcase name="clickLoudSpeakerIcon" time="2.139" classname="com.PigeonHole.RegressionScripts.PigeonHole_QA_Test"/>
  <testcase name="clickSaveForLater" time="0.756" classname="com.PigeonHole.RegressionScripts.PigeonHole_QA_Test"/>
  <testcase name="clickSendAndConfirm" time="2.778" classname="com.PigeonHole.RegressionScripts.PigeonHole_QA_Test"/>
  <testcase name="clickClose" time="2.200" classname="com.PigeonHole.RegressionScripts.PigeonHole_QA_Test"/>
  <testcase name="viewsAndClickAssertion" time="2.881" classname="com.PigeonHole.RegressionScripts.PigeonHole_QA_Test"/>
</testsuite> <!-- com.PigeonHole.RegressionScripts.PigeonHole_QA_Test -->
