<?xml version="1.0" encoding="UTF-8"?>
<!-- Generated by org.testng.reporters.JUnitReportReporter -->
<testsuite skipped="0" hostname="OJAS-DD57" name="com.PigeonHole.RegressionScripts.PigeonHole_MultipleChoicePoll_Test" tests="19" failures="0" timestamp="2020-01-03T20:00:29 IST" time="109.513" errors="0">
  <testcase name="Add_Pigeonhole" time="0.358" classname="com.PigeonHole.RegressionScripts.PigeonHole_MultipleChoicePoll_Test"/>
  <testcase name="eventCreation" time="4.324" classname="com.PigeonHole.RegressionScripts.PigeonHole_MultipleChoicePoll_Test"/>
  <testcase name="addSession" time="3.311" classname="com.PigeonHole.RegressionScripts.PigeonHole_MultipleChoicePoll_Test"/>
  <testcase name="multipleChoicePoll" time="1.947" classname="com.PigeonHole.RegressionScripts.PigeonHole_MultipleChoicePoll_Test"/>
  <testcase name="numericScale" time="3.210" classname="com.PigeonHole.RegressionScripts.PigeonHole_MultipleChoicePoll_Test"/>
  <testcase name="draggableScale" time="3.220" classname="com.PigeonHole.RegressionScripts.PigeonHole_MultipleChoicePoll_Test"/>
  <testcase name="iconRating" time="1.723" classname="com.PigeonHole.RegressionScripts.PigeonHole_MultipleChoicePoll_Test"/>
  <testcase name="attendeeCheckBox" time="0.458" classname="com.PigeonHole.RegressionScripts.PigeonHole_MultipleChoicePoll_Test"/>
  <testcase name="iconAndEventNameAssertion" time="1.282" classname="com.PigeonHole.RegressionScripts.PigeonHole_MultipleChoicePoll_Test"/>
  <testcase name="editNextButtonClick" time="0.792" classname="com.PigeonHole.RegressionScripts.PigeonHole_MultipleChoicePoll_Test"/>
  <testcase name="AudienceWebApp" time="8.309" classname="com.PigeonHole.RegressionScripts.PigeonHole_MultipleChoicePoll_Test"/>
  <testcase name="AdminPanel" time="10.407" classname="com.PigeonHole.RegressionScripts.PigeonHole_MultipleChoicePoll_Test"/>
  <testcase name="ProjectorPanel" time="10.414" classname="com.PigeonHole.RegressionScripts.PigeonHole_MultipleChoicePoll_Test"/>
  <testcase name="castYourVote" time="4.542" classname="com.PigeonHole.RegressionScripts.PigeonHole_MultipleChoicePoll_Test"/>
  <testcase name="votedOptionAndPercentageInAdminPanel" time="4.866" classname="com.PigeonHole.RegressionScripts.PigeonHole_MultipleChoicePoll_Test"/>
  <testcase name="votedOptionAndPercentageInProjectorPanel" time="3.423" classname="com.PigeonHole.RegressionScripts.PigeonHole_MultipleChoicePoll_Test"/>
  <testcase name="ThankYouForParticipating" time="40.500" classname="com.PigeonHole.RegressionScripts.PigeonHole_MultipleChoicePoll_Test"/>
  <testcase name="summaryOfThePoll" time="4.263" classname="com.PigeonHole.RegressionScripts.PigeonHole_MultipleChoicePoll_Test"/>
  <testcase name="m19" time="2.164" classname="com.PigeonHole.RegressionScripts.PigeonHole_MultipleChoicePoll_Test"/>
</testsuite> <!-- com.PigeonHole.RegressionScripts.PigeonHole_MultipleChoicePoll_Test -->
