<?xml version="1.0" encoding="UTF-8"?>
<!-- Generated by org.testng.reporters.JUnitReportReporter -->
<testsuite skipped="0" hostname="OJAS-DD57" name="com.PigeonHole.RegressionScripts.PigeonHole_CreateQuizSessions" tests="16" failures="0" timestamp="2020-01-03T19:57:53 IST" time="298.192" errors="0">
  <testcase name="setUpEventModel" time="7.397" classname="com.PigeonHole.RegressionScripts.PigeonHole_CreateQuizSessions"/>
  <testcase name="createSessionWithPollQuestions" time="66.382" classname="com.PigeonHole.RegressionScripts.PigeonHole_CreateQuizSessions"/>
  <testcase name="met3" time="20.524" classname="com.PigeonHole.RegressionScripts.PigeonHole_CreateQuizSessions"/>
  <testcase name="met4" time="22.320" classname="com.PigeonHole.RegressionScripts.PigeonHole_CreateQuizSessions"/>
  <testcase name="met6" time="14.307" classname="com.PigeonHole.RegressionScripts.PigeonHole_CreateQuizSessions"/>
  <testcase name="met5" time="20.399" classname="com.PigeonHole.RegressionScripts.PigeonHole_CreateQuizSessions"/>
  <testcase name="met7" time="6.245" classname="com.PigeonHole.RegressionScripts.PigeonHole_CreateQuizSessions"/>
  <testcase name="met8" time="8.211" classname="com.PigeonHole.RegressionScripts.PigeonHole_CreateQuizSessions"/>
  <testcase name="met9" time="8.255" classname="com.PigeonHole.RegressionScripts.PigeonHole_CreateQuizSessions"/>
  <testcase name="met10" time="28.303" classname="com.PigeonHole.RegressionScripts.PigeonHole_CreateQuizSessions"/>
  <testcase name="met11" time="4.150" classname="com.PigeonHole.RegressionScripts.PigeonHole_CreateQuizSessions"/>
  <testcase name="met12" time="2.087" classname="com.PigeonHole.RegressionScripts.PigeonHole_CreateQuizSessions"/>
  <testcase name="met13" time="4.124" classname="com.PigeonHole.RegressionScripts.PigeonHole_CreateQuizSessions"/>
  <testcase name="met14" time="65.173" classname="com.PigeonHole.RegressionScripts.PigeonHole_CreateQuizSessions"/>
  <testcase name="met15" time="9.128" classname="com.PigeonHole.RegressionScripts.PigeonHole_CreateQuizSessions"/>
  <testcase name="met16" time="11.187" classname="com.PigeonHole.RegressionScripts.PigeonHole_CreateQuizSessions"/>
</testsuite> <!-- com.PigeonHole.RegressionScripts.PigeonHole_CreateQuizSessions -->
