<?xml version="1.0" encoding="UTF-8"?>
<!-- Generated by org.testng.reporters.JUnitReportReporter -->
<testsuite skipped="0" hostname="OJAS-DD128" name="com.PigeonHole.RegressionScripts.PigeonHole_QA_Test" tests="20" failures="0" timestamp="03 Jan 2020 09:37:54 GMT" time="93.060" errors="0">
  <testcase name="m1" time="6.734" classname="com.PigeonHole.RegressionScripts.PigeonHole_QA_Test"/>
  <testcase name="m2" time="11.299" classname="com.PigeonHole.RegressionScripts.PigeonHole_QA_Test"/>
  <testcase name="m3" time="10.438" classname="com.PigeonHole.RegressionScripts.PigeonHole_QA_Test"/>
  <testcase name="m4" time="10.330" classname="com.PigeonHole.RegressionScripts.PigeonHole_QA_Test"/>
  <testcase name="m5" time="4.287" classname="com.PigeonHole.RegressionScripts.PigeonHole_QA_Test"/>
  <testcase name="m6" time="15.533" classname="com.PigeonHole.RegressionScripts.PigeonHole_QA_Test"/>
  <testcase name="m7" time="2.125" classname="com.PigeonHole.RegressionScripts.PigeonHole_QA_Test"/>
  <testcase name="m8" time="6.613" classname="com.PigeonHole.RegressionScripts.PigeonHole_QA_Test"/>
  <testcase name="m9" time="2.087" classname="com.PigeonHole.RegressionScripts.PigeonHole_QA_Test"/>
  <testcase name="m10" time="2.142" classname="com.PigeonHole.RegressionScripts.PigeonHole_QA_Test"/>
  <testcase name="m11" time="2.165" classname="com.PigeonHole.RegressionScripts.PigeonHole_QA_Test"/>
  <testcase name="m12" time="2.128" classname="com.PigeonHole.RegressionScripts.PigeonHole_QA_Test"/>
  <testcase name="m13" time="2.159" classname="com.PigeonHole.RegressionScripts.PigeonHole_QA_Test"/>
  <testcase name="m14" time="2.117" classname="com.PigeonHole.RegressionScripts.PigeonHole_QA_Test"/>
  <testcase name="m15" time="2.110" classname="com.PigeonHole.RegressionScripts.PigeonHole_QA_Test"/>
  <testcase name="m16" time="2.149" classname="com.PigeonHole.RegressionScripts.PigeonHole_QA_Test"/>
  <testcase name="m17" time="0.726" classname="com.PigeonHole.RegressionScripts.PigeonHole_QA_Test"/>
  <testcase name="m18" time="2.779" classname="com.PigeonHole.RegressionScripts.PigeonHole_QA_Test"/>
  <testcase name="m19" time="2.162" classname="com.PigeonHole.RegressionScripts.PigeonHole_QA_Test"/>
  <testcase name="m20" time="2.977" classname="com.PigeonHole.RegressionScripts.PigeonHole_QA_Test"/>
</testsuite> <!-- com.PigeonHole.RegressionScripts.PigeonHole_QA_Test -->
