<?xml version="1.0" encoding="UTF-8"?>
<!-- Generated by org.testng.reporters.JUnitReportReporter -->
<testsuite skipped="0" hostname="OJAS-DD57" name="com.PigeonHole.RegressionScripts.PigeonHole_HomePageTest" tests="1" failures="0" timestamp="2019-12-30T11:21:57 IST" time="108.214" errors="0">
  <testcase name="pigeonHolePOCfirstScenario" time="108.214" classname="com.PigeonHole.RegressionScripts.PigeonHole_HomePageTest"/>
</testsuite> <!-- com.PigeonHole.RegressionScripts.PigeonHole_HomePageTest -->
