<?xml version="1.0" encoding="UTF-8"?>
<!-- Generated by org.testng.reporters.JUnitReportReporter -->
<testsuite skipped="0" hostname="OJAS-DD128" name="com.PigeonHole.RegressionScripts.PigeonHole_MultipleChoicePoll_Test" tests="19" failures="0" timestamp="03 Jan 2020 09:30:19 GMT" time="111.535" errors="0">
  <testcase name="m1" time="0.501" classname="com.PigeonHole.RegressionScripts.PigeonHole_MultipleChoicePoll_Test"/>
  <testcase name="m2" time="4.393" classname="com.PigeonHole.RegressionScripts.PigeonHole_MultipleChoicePoll_Test"/>
  <testcase name="m3" time="4.057" classname="com.PigeonHole.RegressionScripts.PigeonHole_MultipleChoicePoll_Test"/>
  <testcase name="m4" time="2.377" classname="com.PigeonHole.RegressionScripts.PigeonHole_MultipleChoicePoll_Test"/>
  <testcase name="m5" time="3.267" classname="com.PigeonHole.RegressionScripts.PigeonHole_MultipleChoicePoll_Test"/>
  <testcase name="m6" time="3.242" classname="com.PigeonHole.RegressionScripts.PigeonHole_MultipleChoicePoll_Test"/>
  <testcase name="m7" time="1.785" classname="com.PigeonHole.RegressionScripts.PigeonHole_MultipleChoicePoll_Test"/>
  <testcase name="m8" time="0.441" classname="com.PigeonHole.RegressionScripts.PigeonHole_MultipleChoicePoll_Test"/>
  <testcase name="m9" time="1.315" classname="com.PigeonHole.RegressionScripts.PigeonHole_MultipleChoicePoll_Test"/>
  <testcase name="m10" time="0.809" classname="com.PigeonHole.RegressionScripts.PigeonHole_MultipleChoicePoll_Test"/>
  <testcase name="m11" time="8.372" classname="com.PigeonHole.RegressionScripts.PigeonHole_MultipleChoicePoll_Test"/>
  <testcase name="m12" time="10.389" classname="com.PigeonHole.RegressionScripts.PigeonHole_MultipleChoicePoll_Test"/>
  <testcase name="m13" time="10.417" classname="com.PigeonHole.RegressionScripts.PigeonHole_MultipleChoicePoll_Test"/>
  <testcase name="m14" time="4.645" classname="com.PigeonHole.RegressionScripts.PigeonHole_MultipleChoicePoll_Test"/>
  <testcase name="m15" time="4.867" classname="com.PigeonHole.RegressionScripts.PigeonHole_MultipleChoicePoll_Test"/>
  <testcase name="m16" time="3.416" classname="com.PigeonHole.RegressionScripts.PigeonHole_MultipleChoicePoll_Test"/>
  <testcase name="m17" time="40.803" classname="com.PigeonHole.RegressionScripts.PigeonHole_MultipleChoicePoll_Test"/>
  <testcase name="m18" time="4.251" classname="com.PigeonHole.RegressionScripts.PigeonHole_MultipleChoicePoll_Test"/>
  <testcase name="m19" time="2.188" classname="com.PigeonHole.RegressionScripts.PigeonHole_MultipleChoicePoll_Test"/>
</testsuite> <!-- com.PigeonHole.RegressionScripts.PigeonHole_MultipleChoicePoll_Test -->
